<?xml version="1.0" encoding="UTF-8"?>
<!-- Generated by org.testng.reporters.JUnitXMLReporter -->
<testsuite hostname="DESKTOP-KI7RP38" ignored="0" name="Command line test" tests="1" failures="1" timestamp="2020-06-12T13:10:58 IST" time="51.803" errors="0">
  <testcase name="launch" time="51.724" classname="com.automation.newpkg.LaunchAppTest">
    <failure type="org.openqa.selenium.WebDriverException" message="Failed to connect to binary FirefoxBinary(C:\Program Files\Mozilla Firefox\firefox.exe) on port 7055; process output follows: 
JavaScript error: resource://gre/modules/XULStore.jsm, line 66: Error: Can&amp;apos;t find profile directory.

Build info: version: &amp;apos;2.53.0&amp;apos;, revision: &amp;apos;35ae25b1534ae328c771e0856c93e187490ca824&amp;apos;, time: &amp;apos;2016-03-15 10:43:46&amp;apos;
System info: host: &amp;apos;DESKTOP-KI7RP38&amp;apos;, ip: &amp;apos;192.168.0.101&amp;apos;, os.name: &amp;apos;Windows 10&amp;apos;, os.arch: &amp;apos;amd64&amp;apos;, os.version: &amp;apos;10.0&amp;apos;, java.version: &amp;apos;1.8.0_191&amp;apos;
Driver info: driver.version: FirefoxDriver">
      <![CDATA[org.openqa.selenium.WebDriverException: Failed to connect to binary FirefoxBinary(C:\Program Files\Mozilla Firefox\firefox.exe) on port 7055; process output follows: 
JavaScript error: resource://gre/modules/XULStore.jsm, line 66: Error: Can't find profile directory.

Build info: version: '2.53.0', revision: '35ae25b1534ae328c771e0856c93e187490ca824', time: '2016-03-15 10:43:46'
System info: host: 'DESKTOP-KI7RP38', ip: '192.168.0.101', os.name: 'Windows 10', os.arch: 'amd64', os.version: '10.0', java.version: '1.8.0_191'
Driver info: driver.version: FirefoxDriver
at org.openqa.selenium.firefox.internal.NewProfileExtensionConnection.start(NewProfileExtensionConnection.java:125)
at org.openqa.selenium.firefox.FirefoxDriver.startClient(FirefoxDriver.java:271)
at org.openqa.selenium.remote.RemoteWebDriver.<init>(RemoteWebDriver.java:119)
at org.openqa.selenium.firefox.FirefoxDriver.<init>(FirefoxDriver.java:216)
at org.openqa.selenium.firefox.FirefoxDriver.<init>(FirefoxDriver.java:211)
at org.openqa.selenium.firefox.FirefoxDriver.<init>(FirefoxDriver.java:207)
at org.openqa.selenium.firefox.FirefoxDriver.<init>(FirefoxDriver.java:120)
at com.automation.newpkg.LaunchAppTest.launch(LaunchAppTest.java:15)
at java.util.ArrayList.forEach(ArrayList.java:1257)
Caused by: org.openqa.selenium.firefox.NotConnectedException: Unable to connect to host 127.0.0.1 on port 7055 after 45000 ms. Firefox console output:
JavaScript error: resource://gre/modules/XULStore.jsm, line 66: Error: Can't find profile directory.

at org.openqa.selenium.firefox.internal.NewProfileExtensionConnection.start(NewProfileExtensionConnection.java:113)
... 44 more
... Removed 36 stack frames]]>
    </failure>
  </testcase> <!-- launch -->
</testsuite> <!-- Command line test -->
